<?xml version="1.0" encoding="UTF-8"?>
<testng-results skipped="0" failed="0" total="3" passed="3">
  <reporter-output>
    <line>
      <![CDATA[enter username]]>
    </line>
    <line>
      <![CDATA[oprn on username]]>
    </line>
    <line>
      <![CDATA[enter password]]>
    </line>
  </reporter-output>
  <suite name="Suite" duration-ms="265" started-at="2020-06-08T07:30:37Z" finished-at="2020-06-08T07:30:38Z">
    <groups>
    </groups>
    <test name="Test" duration-ms="265" started-at="2020-06-08T07:30:37Z" finished-at="2020-06-08T07:30:38Z">
      <class name="com.demo.DemoJenkins">
        <test-method status="PASS" signature="details()[pri:0, instance:com.demo.DemoJenkins@1e397ed7]" name="details" duration-ms="155" started-at="2020-06-08T13:00:37Z" finished-at="2020-06-08T13:00:38Z">
          <reporter-output>
            <line>
              <![CDATA[enter username]]>
            </line>
          </reporter-output>
        </test-method> <!-- details -->
        <test-method status="PASS" signature="login()[pri:0, instance:com.demo.DemoJenkins@1e397ed7]" name="login" duration-ms="5" started-at="2020-06-08T13:00:38Z" finished-at="2020-06-08T13:00:38Z">
          <reporter-output>
            <line>
              <![CDATA[oprn on username]]>
            </line>
          </reporter-output>
        </test-method> <!-- login -->
        <test-method status="PASS" signature="password()[pri:0, instance:com.demo.DemoJenkins@1e397ed7]" name="password" duration-ms="5" started-at="2020-06-08T13:00:38Z" finished-at="2020-06-08T13:00:38Z">
          <reporter-output>
            <line>
              <![CDATA[enter password]]>
            </line>
          </reporter-output>
        </test-method> <!-- password -->
      </class> <!-- com.demo.DemoJenkins -->
    </test> <!-- Test -->
  </suite> <!-- Suite -->
</testng-results>
